<?xml version="1.0" encoding="UTF-8"?>
<!-- Generated by org.testng.reporters.JUnitReportReporter -->
<testsuite hostname="UK-LFFNLZW2" failures="0" tests="1" name="TestOne.TestOne.Sample" time="0.008" errors="0" timestamp="20 Oct 2019 11:27:37 GMT">
  <testcase classname="TestOne.TestOne.Sample" name="f" time="0.008"/>
</testsuite> <!-- TestOne.TestOne.Sample -->
