<?xml version="1.0" encoding="UTF-8"?>
<!-- Generated by org.testng.reporters.JUnitReportReporter -->
<testsuite hostname="UK-LFFNLZW2" failures="0" tests="1" name="TestOne.TestOne.TestOneTestZNG" time="0.013" errors="0" timestamp="20 Oct 2019 11:14:08 GMT">
  <testcase classname="TestOne.TestOne.TestOneTestZNG" name="f" time="0.013"/>
</testsuite> <!-- TestOne.TestOne.TestOneTestZNG -->
